-------------------------------------------------------------------------------
Test set: com.runsystem.traning.MathDemoTest
-------------------------------------------------------------------------------
Tests run: 4, Failures: 1, Errors: 0, Skipped: 0, Time elapsed: 0 s <<< FAILURE! - in com.runsystem.traning.MathDemoTest
add_SixAddedByTwo_ReturnEight(com.runsystem.traning.MathDemoTest)  Time elapsed: 0 s  <<< FAILURE!
java.lang.AssertionError: expected:<8> but was:<4>
	at com.runsystem.traning.MathDemoTest.add_SixAddedByTwo_ReturnEight(MathDemoTest.java:35)

