<?xml version="1.0" encoding="UTF-8"?>
<testsuite xmlns:xsi="http://www.w3.org/2001/XMLSchema-instance" xsi:noNamespaceSchemaLocation="https://maven.apache.org/surefire/maven-surefire-plugin/xsd/surefire-test-report.xsd" name="com.runsystem.traning.MathDemoTest" time="0" tests="4" errors="0" skipped="0" failures="1">
  <properties>
[...]
</properties>
  <testcase name="divide_OneDividedByZero_ThrowsIllegalArgumentException" classname="com.runsystem.traning.MathDemoTest" time="0"/>
  <testcase name="divide_OneDividedByTwo_ReturnZero" classname="com.runsystem.traning.MathDemoTest" time="0"/>
  <testcase name="divide_SixDividedByTwo_ReturnThree" classname="com.runsystem.traning.MathDemoTest" time="0"/>
  <testcase name="add_SixAddedByTwo_ReturnEight" classname="com.runsystem.traning.MathDemoTest" time="0">
    <failure message="expected:&lt;8&gt; but was:&lt;4&gt;" type="java.lang.AssertionError"><![CDATA[java.lang.AssertionError: expected:<8> but was:<4>
	at com.runsystem.traning.MathDemoTest.add_SixAddedByTwo_ReturnEight(MathDemoTest.java:35)
]]></failure>
  </testcase>
</testsuite>